<?xml version="1.0" encoding="UTF-8"?>
<coverage generated="1732095497221" clover="3.2.0">
  <project timestamp="1732095497221" name="All files">
    <metrics statements="1" coveredstatements="1" conditionals="21" coveredconditionals="16" methods="8" coveredmethods="8" elements="30" coveredelements="25" complexity="0" loc="1" ncloc="1" packages="1" files="1" classes="1"/>
    <file name="index.ts" path="/Users/yangfengyi/Dev/codeStation/course-code/spa-interface/src/utils/index.ts">
      <metrics statements="1" coveredstatements="1" conditionals="21" coveredconditionals="16" methods="8" coveredmethods="8"/>
      <line num="1" count="14" type="cond" truecount="16" falsecount="5"/>
    </file>
  </project>
</coverage>
