{"/Users/yangfengyi/Dev/codeStation/course-code/spa-interface/src/utils/index.ts": {"path":"/Users/yangfengyi/Dev/codeStation/course-code/spa-interface/src/utils/index.ts","statementMap":{"0":{"start":{"line":1,"column":13},"end":{"line":1,"column":70}},"1":{"start":{"line":1,"column":99},"end":{"line":1,"column":185}},"2":{"start":{"line":1,"column":119},"end":{"line":1,"column":185}},"3":{"start":{"line":1,"column":186},"end":{"line":1,"column":336}},"4":{"start":{"line":1,"column":233},"end":{"line":1,"column":258}},"5":{"start":{"line":1,"column":285},"end":{"line":1,"column":305}},"6":{"start":{"line":1,"column":322},"end":{"line":1,"column":332}},"7":{"start":{"line":1,"column":354},"end":{"line":1,"column":388}},"8":{"start":{"line":1,"column":363},"end":{"line":1,"column":371}},"9":{"start":{"line":1,"column":377},"end":{"line":1,"column":387}},"10":{"start":{"line":1,"column":412},"end":{"line":1,"column":519}},"11":{"start":{"line":1,"column":472},"end":{"line":1,"column":487}},"12":{"start":{"line":1,"column":487},"end":{"line":1,"column":517}},"13":{"start":{"line":1,"column":554},"end":{"line":1,"column":641}},"14":{"start":{"line":1,"column":584},"end":{"line":1,"column":640}},"15":{"start":{"line":1,"column":641},"end":{"line":1,"column":730}},"16":{"start":{"line":1,"column":671},"end":{"line":1,"column":729}},"17":{"start":{"line":1,"column":730},"end":{"line":1,"column":821}},"18":{"start":{"line":1,"column":754},"end":{"line":1,"column":820}},"19":{"start":{"line":1,"column":836},"end":{"line":1,"column":857}},"20":{"start":{"line":1,"column":858},"end":{"line":1,"column":954}},"21":{"start":{"line":1,"column":886},"end":{"line":1,"column":953}},"22":{"start":{"line":1,"column":995},"end":{"line":1,"column":1557}},"23":{"start":{"line":1,"column":999},"end":{"line":1,"column":1024}},"24":{"start":{"line":1,"column":1024},"end":{"line":1,"column":1117}},"25":{"start":{"line":1,"column":1052},"end":{"line":1,"column":1116}},"26":{"start":{"line":1,"column":1117},"end":{"line":1,"column":1196}},"27":{"start":{"line":1,"column":1129},"end":{"line":1,"column":1195}},"28":{"start":{"line":1,"column":1196},"end":{"line":1,"column":1224}},"29":{"start":{"line":1,"column":1210},"end":{"line":1,"column":1223}},"30":{"start":{"line":1,"column":1239},"end":{"line":1,"column":1271}},"31":{"start":{"line":1,"column":1272},"end":{"line":1,"column":1307}},"32":{"start":{"line":1,"column":1292},"end":{"line":1,"column":1306}},"33":{"start":{"line":1,"column":1319},"end":{"line":1,"column":1347}},"34":{"start":{"line":1,"column":1358},"end":{"line":1,"column":1397}},"35":{"start":{"line":1,"column":1398},"end":{"line":1,"column":1423}},"36":{"start":{"line":1,"column":1437},"end":{"line":1,"column":1489}},"37":{"start":{"line":1,"column":1477},"end":{"line":1,"column":1488}},"38":{"start":{"line":1,"column":1489},"end":{"line":1,"column":1556}}},"fnMap":{"0":{"name":"_export","decl":{"start":{"line":1,"column":79},"end":{"line":1,"column":86}},"loc":{"start":{"line":1,"column":98},"end":{"line":1,"column":186}},"line":1},"1":{"name":"(anonymous_1)","decl":{"start":{"line":1,"column":222},"end":{"line":1,"column":223}},"loc":{"start":{"line":1,"column":232},"end":{"line":1,"column":259}},"line":1},"2":{"name":"(anonymous_2)","decl":{"start":{"line":1,"column":274},"end":{"line":1,"column":275}},"loc":{"start":{"line":1,"column":284},"end":{"line":1,"column":306}},"line":1},"3":{"name":"(anonymous_3)","decl":{"start":{"line":1,"column":311},"end":{"line":1,"column":312}},"loc":{"start":{"line":1,"column":321},"end":{"line":1,"column":333}},"line":1},"4":{"name":"sum","decl":{"start":{"line":1,"column":345},"end":{"line":1,"column":348}},"loc":{"start":{"line":1,"column":353},"end":{"line":1,"column":389}},"line":1},"5":{"name":"(anonymous_5)","decl":{"start":{"line":1,"column":451},"end":{"line":1,"column":452}},"loc":{"start":{"line":1,"column":471},"end":{"line":1,"column":518}},"line":1},"6":{"name":"validateAddress","decl":{"start":{"line":1,"column":529},"end":{"line":1,"column":544}},"loc":{"start":{"line":1,"column":553},"end":{"line":1,"column":955}},"line":1},"7":{"name":"formatAddress","decl":{"start":{"line":1,"column":964},"end":{"line":1,"column":977}},"loc":{"start":{"line":1,"column":994},"end":{"line":1,"column":1558}},"line":1}},"branchMap":{"0":{"loc":{"start":{"line":1,"column":354},"end":{"line":1,"column":388}},"type":"if","locations":[{"start":{"line":1,"column":354},"end":{"line":1,"column":388}},{"start":{"line":1,"column":376},"end":{"line":1,"column":388}}],"line":1},"1":{"loc":{"start":{"line":1,"column":554},"end":{"line":1,"column":641}},"type":"if","locations":[{"start":{"line":1,"column":554},"end":{"line":1,"column":641}},{"start":{},"end":{}}],"line":1},"2":{"loc":{"start":{"line":1,"column":641},"end":{"line":1,"column":730}},"type":"if","locations":[{"start":{"line":1,"column":641},"end":{"line":1,"column":730}},{"start":{},"end":{}}],"line":1},"3":{"loc":{"start":{"line":1,"column":730},"end":{"line":1,"column":821}},"type":"if","locations":[{"start":{"line":1,"column":730},"end":{"line":1,"column":821}},{"start":{},"end":{}}],"line":1},"4":{"loc":{"start":{"line":1,"column":858},"end":{"line":1,"column":954}},"type":"if","locations":[{"start":{"line":1,"column":858},"end":{"line":1,"column":954}},{"start":{},"end":{}}],"line":1},"5":{"loc":{"start":{"line":1,"column":986},"end":{"line":1,"column":993}},"type":"default-arg","locations":[{"start":{"line":1,"column":992},"end":{"line":1,"column":993}}],"line":1},"6":{"loc":{"start":{"line":1,"column":1024},"end":{"line":1,"column":1117}},"type":"if","locations":[{"start":{"line":1,"column":1024},"end":{"line":1,"column":1117}},{"start":{},"end":{}}],"line":1},"7":{"loc":{"start":{"line":1,"column":1117},"end":{"line":1,"column":1196}},"type":"if","locations":[{"start":{"line":1,"column":1117},"end":{"line":1,"column":1196}},{"start":{},"end":{}}],"line":1},"8":{"loc":{"start":{"line":1,"column":1196},"end":{"line":1,"column":1224}},"type":"if","locations":[{"start":{"line":1,"column":1196},"end":{"line":1,"column":1224}},{"start":{},"end":{}}],"line":1},"9":{"loc":{"start":{"line":1,"column":1272},"end":{"line":1,"column":1307}},"type":"if","locations":[{"start":{"line":1,"column":1272},"end":{"line":1,"column":1307}},{"start":{},"end":{}}],"line":1},"10":{"loc":{"start":{"line":1,"column":1437},"end":{"line":1,"column":1489}},"type":"if","locations":[{"start":{"line":1,"column":1437},"end":{"line":1,"column":1489}},{"start":{},"end":{}}],"line":1}},"s":{"0":2,"1":2,"2":6,"3":2,"4":7,"5":11,"6":2,"7":2,"8":1,"9":1,"10":2,"11":14,"12":14,"13":11,"14":3,"15":8,"16":1,"17":7,"18":2,"19":5,"20":5,"21":1,"22":11,"23":11,"24":4,"25":0,"26":4,"27":0,"28":4,"29":0,"30":4,"31":4,"32":0,"33":4,"34":4,"35":4,"36":7,"37":7,"38":0},"f":{"0":2,"1":7,"2":11,"3":2,"4":2,"5":14,"6":11,"7":11},"b":{"0":[1,1],"1":[3,8],"2":[1,7],"3":[2,5],"4":[1,4],"5":[8],"6":[0,4],"7":[0,4],"8":[0,4],"9":[0,4],"10":[7,0]},"inputSourceMap":{"0":"{","1":"\"","2":"v","3":"e","4":"r","5":"s","6":"i","7":"o","8":"n","9":"\"","10":":","11":"3","12":",","13":"\"","14":"s","15":"o","16":"u","17":"r","18":"c","19":"e","20":"s","21":"\"","22":":","23":"[","24":"\"","25":"/","26":"U","27":"s","28":"e","29":"r","30":"s","31":"/","32":"y","33":"a","34":"n","35":"g","36":"f","37":"e","38":"n","39":"g","40":"y","41":"i","42":"/","43":"D","44":"e","45":"v","46":"/","47":"c","48":"o","49":"d","50":"e","51":"S","52":"t","53":"a","54":"t","55":"i","56":"o","57":"n","58":"/","59":"c","60":"o","61":"u","62":"r","63":"s","64":"e","65":"-","66":"c","67":"o","68":"d","69":"e","70":"/","71":"s","72":"p","73":"a","74":"-","75":"i","76":"n","77":"t","78":"e","79":"r","80":"f","81":"a","82":"c","83":"e","84":"/","85":"s","86":"r","87":"c","88":"/","89":"u","90":"t","91":"i","92":"l","93":"s","94":"/","95":"i","96":"n","97":"d","98":"e","99":"x","100":".","101":"t","102":"s","103":"\"","104":"]","105":",","106":"\"","107":"s","108":"o","109":"u","110":"r","111":"c","112":"e","113":"s","114":"C","115":"o","116":"n","117":"t","118":"e","119":"n","120":"t","121":"\"","122":":","123":"[","124":"\"","125":"e","126":"x","127":"p","128":"o","129":"r","130":"t","131":" ","132":"f","133":"u","134":"n","135":"c","136":"t","137":"i","138":"o","139":"n","140":" ","141":"s","142":"u","143":"m","144":"(","145":"a","146":":","147":" ","148":"n","149":"u","150":"m","151":"b","152":"e","153":"r","154":",","155":" ","156":"b","157":":","158":" ","159":"n","160":"u","161":"m","162":"b","163":"e","164":"r","165":")","166":" ","167":"{","168":"\\","169":"n","170":" ","171":" ","172":"i","173":"f","174":" ","175":"(","176":"a","177":" ","178":"=","179":"=","180":" ","181":"1","182":")","183":" ","184":"{","185":"\\","186":"n","187":" ","188":" ","189":" ","190":" ","191":"r","192":"e","193":"t","194":"u","195":"r","196":"n","197":" ","198":"1","199":";","200":"\\","201":"n","202":" ","203":" ","204":"}","205":" ","206":"e","207":"l","208":"s","209":"e","210":" ","211":"{","212":"\\","213":"n","214":" ","215":" ","216":" ","217":" ","218":"r","219":"e","220":"t","221":"u","222":"r","223":"n","224":" ","225":"a","226":" ","227":"+","228":" ","229":"b","230":";","231":"\\","232":"n","233":" ","234":" ","235":"}","236":"\\","237":"n","238":"}","239":"\\","240":"n","241":"\\","242":"n","243":"/","244":"*","245":"*","246":"\\","247":"n","248":" ","249":"*","250":" ","251":"C","252":"u","253":"s","254":"t","255":"o","256":"m","257":" ","258":"e","259":"r","260":"r","261":"o","262":"r","263":" ","264":"c","265":"l","266":"a","267":"s","268":"s","269":" ","270":"f","271":"o","272":"r","273":" ","274":"a","275":"d","276":"d","277":"r","278":"e","279":"s","280":"s","281":" ","282":"f","283":"o","284":"r","285":"m","286":"a","287":"t","288":"t","289":"i","290":"n","291":"g","292":" ","293":"e","294":"r","295":"r","296":"o","297":"r","298":"s","299":"\\","300":"n","301":" ","302":"*","303":"/","304":"\\","305":"n","306":"e","307":"x","308":"p","309":"o","310":"r","311":"t","312":" ","313":"c","314":"l","315":"a","316":"s","317":"s","318":" ","319":"A","320":"d","321":"d","322":"r","323":"e","324":"s","325":"s","326":"F","327":"o","328":"r","329":"m","330":"a","331":"t","332":"E","333":"r","334":"r","335":"o","336":"r","337":" ","338":"e","339":"x","340":"t","341":"e","342":"n","343":"d","344":"s","345":" ","346":"E","347":"r","348":"r","349":"o","350":"r","351":" ","352":"{","353":"\\","354":"n","355":" ","356":" ","357":"c","358":"o","359":"n","360":"s","361":"t","362":"r","363":"u","364":"c","365":"t","366":"o","367":"r","368":"(","369":"m","370":"e","371":"s","372":"s","373":"a","374":"g","375":"e","376":":","377":" ","378":"s","379":"t","380":"r","381":"i","382":"n","383":"g","384":")","385":" ","386":"{","387":"\\","388":"n","389":" ","390":" ","391":" ","392":" ","393":"s","394":"u","395":"p","396":"e","397":"r","398":"(","399":"m","400":"e","401":"s","402":"s","403":"a","404":"g","405":"e","406":")","407":";","408":"\\","409":"n","410":" ","411":" ","412":" ","413":" ","414":"t","415":"h","416":"i","417":"s","418":".","419":"n","420":"a","421":"m","422":"e","423":" ","424":"=","425":" ","426":"'","427":"A","428":"d","429":"d","430":"r","431":"e","432":"s","433":"s","434":"F","435":"o","436":"r","437":"m","438":"a","439":"t","440":"E","441":"r","442":"r","443":"o","444":"r","445":"'","446":";","447":"\\","448":"n","449":" ","450":" ","451":"}","452":"\\","453":"n","454":"}","455":"\\","456":"n","457":"\\","458":"n","459":"/","460":"*","461":"*","462":"\\","463":"n","464":" ","465":"*","466":" ","467":"V","468":"a","469":"l","470":"i","471":"d","472":"a","473":"t","474":"e","475":"s","476":" ","477":"i","478":"f","479":" ","480":"a","481":" ","482":"s","483":"t","484":"r","485":"i","486":"n","487":"g","488":" ","489":"i","490":"s","491":" ","492":"a","493":" ","494":"v","495":"a","496":"l","497":"i","498":"d","499":" ","500":"E","501":"t","502":"h","503":"e","504":"r","505":"e","506":"u","507":"m","508":" ","509":"a","510":"d","511":"d","512":"r","513":"e","514":"s","515":"s","516":"\\","517":"n","518":" ","519":"*","520":"\\","521":"n","522":" ","523":"*","524":" ","525":"@","526":"p","527":"a","528":"r","529":"a","530":"m","531":" ","532":"a","533":"d","534":"d","535":"r","536":"e","537":"s","538":"s","539":" ","540":"-","541":" ","542":"T","543":"h","544":"e","545":" ","546":"a","547":"d","548":"d","549":"r","550":"e","551":"s","552":"s","553":" ","554":"t","555":"o","556":" ","557":"v","558":"a","559":"l","560":"i","561":"d","562":"a","563":"t","564":"e","565":"\\","566":"n","567":" ","568":"*","569":" ","570":"@","571":"t","572":"h","573":"r","574":"o","575":"w","576":"s","577":" ","578":"{","579":"A","580":"d","581":"d","582":"r","583":"e","584":"s","585":"s","586":"F","587":"o","588":"r","589":"m","590":"a","591":"t","592":"E","593":"r","594":"r","595":"o","596":"r","597":"}","598":" ","599":"I","600":"f","601":" ","602":"t","603":"h","604":"e","605":" ","606":"a","607":"d","608":"d","609":"r","610":"e","611":"s","612":"s","613":" ","614":"i","615":"s","616":" ","617":"i","618":"n","619":"v","620":"a","621":"l","622":"i","623":"d","624":"\\","625":"n","626":" ","627":"*","628":"/","629":"\\","630":"n","631":"f","632":"u","633":"n","634":"c","635":"t","636":"i","637":"o","638":"n","639":" ","640":"v","641":"a","642":"l","643":"i","644":"d","645":"a","646":"t","647":"e","648":"A","649":"d","650":"d","651":"r","652":"e","653":"s","654":"s","655":"(","656":"a","657":"d","658":"d","659":"r","660":"e","661":"s","662":"s","663":":","664":" ","665":"s","666":"t","667":"r","668":"i","669":"n","670":"g","671":")","672":":","673":" ","674":"v","675":"o","676":"i","677":"d","678":" ","679":"{","680":"\\","681":"n","682":" ","683":" ","684":"i","685":"f","686":" ","687":"(","688":"t","689":"y","690":"p","691":"e","692":"o","693":"f","694":" ","695":"a","696":"d","697":"d","698":"r","699":"e","700":"s","701":"s","702":" ","703":"!","704":"=","705":"=","706":" ","707":"'","708":"s","709":"t","710":"r","711":"i","712":"n","713":"g","714":"'","715":")","716":" ","717":"{","718":"\\","719":"n","720":" ","721":" ","722":" ","723":" ","724":"t","725":"h","726":"r","727":"o","728":"w","729":" ","730":"n","731":"e","732":"w","733":" ","734":"A","735":"d","736":"d","737":"r","738":"e","739":"s","740":"s","741":"F","742":"o","743":"r","744":"m","745":"a","746":"t","747":"E","748":"r","749":"r","750":"o","751":"r","752":"(","753":"'","754":"A","755":"d","756":"d","757":"r","758":"e","759":"s","760":"s","761":" ","762":"m","763":"u","764":"s","765":"t","766":" ","767":"b","768":"e","769":" ","770":"a","771":" ","772":"s","773":"t","774":"r","775":"i","776":"n","777":"g","778":"'","779":")","780":";","781":"\\","782":"n","783":" ","784":" ","785":"}","786":"\\","787":"n","788":"\\","789":"n","790":" ","791":" ","792":"i","793":"f","794":" ","795":"(","796":"!","797":"a","798":"d","799":"d","800":"r","801":"e","802":"s","803":"s","804":".","805":"s","806":"t","807":"a","808":"r","809":"t","810":"s","811":"W","812":"i","813":"t","814":"h","815":"(","816":"'","817":"0","818":"x","819":"'","820":")","821":")","822":" ","823":"{","824":"\\","825":"n","826":" ","827":" ","828":" ","829":" ","830":"t","831":"h","832":"r","833":"o","834":"w","835":" ","836":"n","837":"e","838":"w","839":" ","840":"A","841":"d","842":"d","843":"r","844":"e","845":"s","846":"s","847":"F","848":"o","849":"r","850":"m","851":"a","852":"t","853":"E","854":"r","855":"r","856":"o","857":"r","858":"(","859":"'","860":"A","861":"d","862":"d","863":"r","864":"e","865":"s","866":"s","867":" ","868":"m","869":"u","870":"s","871":"t","872":" ","873":"s","874":"t","875":"a","876":"r","877":"t","878":" ","879":"w","880":"i","881":"t","882":"h","883":" ","884":"0","885":"x","886":"'","887":")","888":";","889":"\\","890":"n","891":" ","892":" ","893":"}","894":"\\","895":"n","896":"\\","897":"n","898":" ","899":" ","900":"i","901":"f","902":" ","903":"(","904":"a","905":"d","906":"d","907":"r","908":"e","909":"s","910":"s","911":".","912":"l","913":"e","914":"n","915":"g","916":"t","917":"h","918":" ","919":"!","920":"=","921":"=","922":" ","923":"4","924":"2","925":")","926":" ","927":"{","928":"\\","929":"n","930":" ","931":" ","932":" ","933":" ","934":"t","935":"h","936":"r","937":"o","938":"w","939":" ","940":"n","941":"e","942":"w","943":" ","944":"A","945":"d","946":"d","947":"r","948":"e","949":"s","950":"s","951":"F","952":"o","953":"r","954":"m","955":"a","956":"t","957":"E","958":"r","959":"r","960":"o","961":"r","962":"(","963":"'","964":"A","965":"d","966":"d","967":"r","968":"e","969":"s","970":"s","971":" ","972":"m","973":"u","974":"s","975":"t","976":" ","977":"b","978":"e","979":" ","980":"4","981":"2","982":" ","983":"c","984":"h","985":"a","986":"r","987":"a","988":"c","989":"t","990":"e","991":"r","992":"s","993":" ","994":"l","995":"o","996":"n","997":"g","998":"'","999":")","1000":";","1001":"\\","1002":"n","1003":" ","1004":" ","1005":"}","1006":"\\","1007":"n","1008":"\\","1009":"n","1010":" ","1011":" ","1012":"/","1013":"/","1014":" ","1015":"验","1016":"证","1017":"地","1018":"址","1019":"是","1020":"否","1021":"只","1022":"包","1023":"含","1024":"有","1025":"效","1026":"的","1027":"十","1028":"六","1029":"进","1030":"制","1031":"字","1032":"符","1033":"\\","1034":"n","1035":" ","1036":" ","1037":"c","1038":"o","1039":"n","1040":"s","1041":"t","1042":" ","1043":"v","1044":"a","1045":"l","1046":"i","1047":"d","1048":"H","1049":"e","1050":"x","1051":" ","1052":"=","1053":" ","1054":"/","1055":"^","1056":"0","1057":"x","1058":"[","1059":"0","1060":"-","1061":"9","1062":"a","1063":"-","1064":"f","1065":"A","1066":"-","1067":"F","1068":"]","1069":"{","1070":"4","1071":"0","1072":"}","1073":"$","1074":"/","1075":";","1076":"\\","1077":"n","1078":" ","1079":" ","1080":"i","1081":"f","1082":" ","1083":"(","1084":"!","1085":"v","1086":"a","1087":"l","1088":"i","1089":"d","1090":"H","1091":"e","1092":"x","1093":".","1094":"t","1095":"e","1096":"s","1097":"t","1098":"(","1099":"a","1100":"d","1101":"d","1102":"r","1103":"e","1104":"s","1105":"s","1106":")","1107":")","1108":" ","1109":"{","1110":"\\","1111":"n","1112":" ","1113":" ","1114":" ","1115":" ","1116":"t","1117":"h","1118":"r","1119":"o","1120":"w","1121":" ","1122":"n","1123":"e","1124":"w","1125":" ","1126":"A","1127":"d","1128":"d","1129":"r","1130":"e","1131":"s","1132":"s","1133":"F","1134":"o","1135":"r","1136":"m","1137":"a","1138":"t","1139":"E","1140":"r","1141":"r","1142":"o","1143":"r","1144":"(","1145":"'","1146":"A","1147":"d","1148":"d","1149":"r","1150":"e","1151":"s","1152":"s","1153":" ","1154":"c","1155":"o","1156":"n","1157":"t","1158":"a","1159":"i","1160":"n","1161":"s","1162":" ","1163":"i","1164":"n","1165":"v","1166":"a","1167":"l","1168":"i","1169":"d","1170":" ","1171":"c","1172":"h","1173":"a","1174":"r","1175":"a","1176":"c","1177":"t","1178":"e","1179":"r","1180":"s","1181":"'","1182":")","1183":";","1184":"\\","1185":"n","1186":" ","1187":" ","1188":"}","1189":"\\","1190":"n","1191":"}","1192":"\\","1193":"n","1194":"\\","1195":"n","1196":"/","1197":"*","1198":"*","1199":"\\","1200":"n","1201":" ","1202":"*","1203":" ","1204":"F","1205":"o","1206":"r","1207":"m","1208":"a","1209":"t","1210":"s","1211":" ","1212":"a","1213":" ","1214":"g","1215":"i","1216":"v","1217":"e","1218":"n","1219":" ","1220":"E","1221":"t","1222":"h","1223":"e","1224":"r","1225":"e","1226":"u","1227":"m","1228":" ","1229":"a","1230":"d","1231":"d","1232":"r","1233":"e","1234":"s","1235":"s","1236":" ","1237":"t","1238":"o","1239":" ","1240":"a","1241":" ","1242":"s","1243":"h","1244":"o","1245":"r","1246":"t","1247":"e","1248":"r","1249":" ","1250":"v","1251":"e","1252":"r","1253":"s","1254":"i","1255":"o","1256":"n","1257":".","1258":"\\","1259":"n","1260":" ","1261":"*","1262":"\\","1263":"n","1264":" ","1265":"*","1266":" ","1267":"@","1268":"p","1269":"a","1270":"r","1271":"a","1272":"m","1273":" ","1274":"a","1275":"d","1276":"d","1277":"r","1278":"e","1279":"s","1280":"s","1281":" ","1282":"-","1283":" ","1284":"T","1285":"h","1286":"e","1287":" ","1288":"f","1289":"u","1290":"l","1291":"l","1292":" ","1293":"E","1294":"t","1295":"h","1296":"e","1297":"r","1298":"e","1299":"u","1300":"m","1301":" ","1302":"a","1303":"d","1304":"d","1305":"r","1306":"e","1307":"s","1308":"s","1309":"\\","1310":"n","1311":" ","1312":"*","1313":" ","1314":"@","1315":"p","1316":"a","1317":"r","1318":"a","1319":"m","1320":" ","1321":"c","1322":"h","1323":"a","1324":"r","1325":"s","1326":" ","1327":"-","1328":" ","1329":"T","1330":"h","1331":"e","1332":" ","1333":"n","1334":"u","1335":"m","1336":"b","1337":"e","1338":"r","1339":" ","1340":"o","1341":"f","1342":" ","1343":"c","1344":"h","1345":"a","1346":"r","1347":"a","1348":"c","1349":"t","1350":"e","1351":"r","1352":"s","1353":" ","1354":"t","1355":"o","1356":" ","1357":"s","1358":"h","1359":"o","1360":"w","1361":" ","1362":"a","1363":"t","1364":" ","1365":"t","1366":"h","1367":"e","1368":" ","1369":"s","1370":"t","1371":"a","1372":"r","1373":"t","1374":" ","1375":"a","1376":"n","1377":"d","1378":" ","1379":"e","1380":"n","1381":"d","1382":".","1383":" ","1384":"D","1385":"e","1386":"f","1387":"a","1388":"u","1389":"l","1390":"t","1391":" ","1392":"i","1393":"s","1394":" ","1395":"3","1396":"\\","1397":"n","1398":" ","1399":"*","1400":" ","1401":"@","1402":"r","1403":"e","1404":"t","1405":"u","1406":"r","1407":"n","1408":"s","1409":" ","1410":"T","1411":"h","1412":"e","1413":" ","1414":"f","1415":"o","1416":"r","1417":"m","1418":"a","1419":"t","1420":"t","1421":"e","1422":"d","1423":" ","1424":"a","1425":"d","1426":"d","1427":"r","1428":"e","1429":"s","1430":"s","1431":"\\","1432":"n","1433":" ","1434":"*","1435":" ","1436":"@","1437":"t","1438":"h","1439":"r","1440":"o","1441":"w","1442":"s","1443":" ","1444":"{","1445":"A","1446":"d","1447":"d","1448":"r","1449":"e","1450":"s","1451":"s","1452":"F","1453":"o","1454":"r","1455":"m","1456":"a","1457":"t","1458":"E","1459":"r","1460":"r","1461":"o","1462":"r","1463":"}","1464":" ","1465":"I","1466":"f","1467":" ","1468":"t","1469":"h","1470":"e","1471":" ","1472":"a","1473":"d","1474":"d","1475":"r","1476":"e","1477":"s","1478":"s","1479":" ","1480":"i","1481":"s","1482":" ","1483":"i","1484":"n","1485":"v","1486":"a","1487":"l","1488":"i","1489":"d","1490":" ","1491":"o","1492":"r","1493":" ","1494":"c","1495":"h","1496":"a","1497":"r","1498":"s","1499":" ","1500":"i","1501":"s","1502":" ","1503":"i","1504":"n","1505":"v","1506":"a","1507":"l","1508":"i","1509":"d","1510":"\\","1511":"n","1512":" ","1513":"*","1514":"/","1515":"\\","1516":"n","1517":"e","1518":"x","1519":"p","1520":"o","1521":"r","1522":"t","1523":" ","1524":"f","1525":"u","1526":"n","1527":"c","1528":"t","1529":"i","1530":"o","1531":"n","1532":" ","1533":"f","1534":"o","1535":"r","1536":"m","1537":"a","1538":"t","1539":"A","1540":"d","1541":"d","1542":"r","1543":"e","1544":"s","1545":"s","1546":"(","1547":"a","1548":"d","1549":"d","1550":"r","1551":"e","1552":"s","1553":"s","1554":":","1555":" ","1556":"s","1557":"t","1558":"r","1559":"i","1560":"n","1561":"g","1562":",","1563":" ","1564":"c","1565":"h","1566":"a","1567":"r","1568":"s","1569":":","1570":" ","1571":"n","1572":"u","1573":"m","1574":"b","1575":"e","1576":"r","1577":" ","1578":"=","1579":" ","1580":"3","1581":")","1582":":","1583":" ","1584":"s","1585":"t","1586":"r","1587":"i","1588":"n","1589":"g","1590":" ","1591":"{","1592":"\\","1593":"n","1594":" ","1595":" ","1596":"t","1597":"r","1598":"y","1599":" ","1600":"{","1601":"\\","1602":"n","1603":" ","1604":" ","1605":" ","1606":" ","1607":"v","1608":"a","1609":"l","1610":"i","1611":"d","1612":"a","1613":"t","1614":"e","1615":"A","1616":"d","1617":"d","1618":"r","1619":"e","1620":"s","1621":"s","1622":"(","1623":"a","1624":"d","1625":"d","1626":"r","1627":"e","1628":"s","1629":"s","1630":")","1631":";","1632":"\\","1633":"n","1634":"\\","1635":"n","1636":" ","1637":" ","1638":" ","1639":" ","1640":"/","1641":"/","1642":" ","1643":"验","1644":"证","1645":" ","1646":"c","1647":"h","1648":"a","1649":"r","1650":"s","1651":" ","1652":"参","1653":"数","1654":"\\","1655":"n","1656":" ","1657":" ","1658":" ","1659":" ","1660":"i","1661":"f","1662":" ","1663":"(","1664":"t","1665":"y","1666":"p","1667":"e","1668":"o","1669":"f","1670":" ","1671":"c","1672":"h","1673":"a","1674":"r","1675":"s","1676":" ","1677":"!","1678":"=","1679":"=","1680":" ","1681":"'","1682":"n","1683":"u","1684":"m","1685":"b","1686":"e","1687":"r","1688":"'","1689":")","1690":" ","1691":"{","1692":"\\","1693":"n","1694":" ","1695":" ","1696":" ","1697":" ","1698":" ","1699":" ","1700":"t","1701":"h","1702":"r","1703":"o","1704":"w","1705":" ","1706":"n","1707":"e","1708":"w","1709":" ","1710":"A","1711":"d","1712":"d","1713":"r","1714":"e","1715":"s","1716":"s","1717":"F","1718":"o","1719":"r","1720":"m","1721":"a","1722":"t","1723":"E","1724":"r","1725":"r","1726":"o","1727":"r","1728":"(","1729":"'","1730":"C","1731":"h","1732":"a","1733":"r","1734":"s","1735":" ","1736":"p","1737":"a","1738":"r","1739":"a","1740":"m","1741":"e","1742":"t","1743":"e","1744":"r","1745":" ","1746":"m","1747":"u","1748":"s","1749":"t","1750":" ","1751":"b","1752":"e","1753":" ","1754":"a","1755":" ","1756":"n","1757":"u","1758":"m","1759":"b","1760":"e","1761":"r","1762":"'","1763":")","1764":";","1765":"\\","1766":"n","1767":" ","1768":" ","1769":" ","1770":" ","1771":"}","1772":"\\","1773":"n","1774":"\\","1775":"n","1776":" ","1777":" ","1778":" ","1779":" ","1780":"i","1781":"f","1782":" ","1783":"(","1784":"c","1785":"h","1786":"a","1787":"r","1788":"s","1789":" ","1790":"<","1791":" ","1792":"0","1793":")","1794":" ","1795":"{","1796":"\\","1797":"n","1798":" ","1799":" ","1800":" ","1801":" ","1802":" ","1803":" ","1804":"t","1805":"h","1806":"r","1807":"o","1808":"w","1809":" ","1810":"n","1811":"e","1812":"w","1813":" ","1814":"A","1815":"d","1816":"d","1817":"r","1818":"e","1819":"s","1820":"s","1821":"F","1822":"o","1823":"r","1824":"m","1825":"a","1826":"t","1827":"E","1828":"r","1829":"r","1830":"o","1831":"r","1832":"(","1833":"'","1834":"C","1835":"h","1836":"a","1837":"r","1838":"s","1839":" ","1840":"p","1841":"a","1842":"r","1843":"a","1844":"m","1845":"e","1846":"t","1847":"e","1848":"r","1849":" ","1850":"c","1851":"a","1852":"n","1853":"n","1854":"o","1855":"t","1856":" ","1857":"b","1858":"e","1859":" ","1860":"n","1861":"e","1862":"g","1863":"a","1864":"t","1865":"i","1866":"v","1867":"e","1868":"'","1869":")","1870":";","1871":"\\","1872":"n","1873":" ","1874":" ","1875":" ","1876":" ","1877":"}","1878":"\\","1879":"n","1880":"\\","1881":"n","1882":" ","1883":" ","1884":" ","1885":" ","1886":"i","1887":"f","1888":" ","1889":"(","1890":"c","1891":"h","1892":"a","1893":"r","1894":"s","1895":" ","1896":"=","1897":"=","1898":"=","1899":" ","1900":"0","1901":")","1902":" ","1903":"{","1904":"\\","1905":"n","1906":" ","1907":" ","1908":" ","1909":" ","1910":" ","1911":" ","1912":"r","1913":"e","1914":"t","1915":"u","1916":"r","1917":"n","1918":" ","1919":"'","1920":"0","1921":"x","1922":".","1923":".","1924":".","1925":"'","1926":";","1927":"\\","1928":"n","1929":" ","1930":" ","1931":" ","1932":" ","1933":"}","1934":"\\","1935":"n","1936":"\\","1937":"n","1938":" ","1939":" ","1940":" ","1941":" ","1942":"/","1943":"/","1944":" ","1945":"计","1946":"算","1947":"可","1948":"用","1949":"于","1950":"显","1951":"示","1952":"的","1953":"最","1954":"大","1955":"字","1956":"符","1957":"数","1958":"\\","1959":"n","1960":" ","1961":" ","1962":" ","1963":" ","1964":"/","1965":"/","1966":" ","1967":"总","1968":"长","1969":"度","1970":"(","1971":"4","1972":"2","1973":")","1974":" ","1975":"-","1976":" ","1977":"'","1978":"0","1979":"x","1980":"'","1981":"(","1982":"2","1983":")","1984":" ","1985":"-","1986":" ","1987":"'","1988":".","1989":".","1990":".","1991":"'","1992":"(","1993":"3","1994":")","1995":" ","1996":"=","1997":" ","1998":"3","1999":"7","2000":" ","2001":"个","2002":"字","2003":"符","2004":"可","2005":"用","2006":"\\","2007":"n","2008":" ","2009":" ","2010":" ","2011":" ","2012":"/","2013":"/","2014":" ","2015":"除","2016":"以","2017":" ","2018":"2","2019":" ","2020":"是","2021":"因","2022":"为","2023":"我","2024":"们","2025":"要","2026":"在","2027":"开","2028":"头","2029":"和","2030":"结","2031":"尾","2032":"显","2033":"示","2034":"相","2035":"同","2036":"数","2037":"量","2038":"的","2039":"字","2040":"符","2041":"\\","2042":"n","2043":" ","2044":" ","2045":" ","2046":" ","2047":"c","2048":"o","2049":"n","2050":"s","2051":"t","2052":" ","2053":"m","2054":"a","2055":"x","2056":"C","2057":"h","2058":"a","2059":"r","2060":"s","2061":" ","2062":"=","2063":" ","2064":"M","2065":"a","2066":"t","2067":"h","2068":".","2069":"f","2070":"l","2071":"o","2072":"o","2073":"r","2074":"(","2075":"(","2076":"a","2077":"d","2078":"d","2079":"r","2080":"e","2081":"s","2082":"s","2083":".","2084":"l","2085":"e","2086":"n","2087":"g","2088":"t","2089":"h","2090":" ","2091":"-","2092":" ","2093":"5","2094":")","2095":" ","2096":"/","2097":" ","2098":"2","2099":")","2100":";","2101":"\\","2102":"n","2103":"\\","2104":"n","2105":" ","2106":" ","2107":" ","2108":" ","2109":"/","2110":"/","2111":" ","2112":"如","2113":"果","2114":"请","2115":"求","2116":"的","2117":"字","2118":"符","2119":"数","2120":"超","2121":"过","2122":"最","2123":"大","2124":"值","2125":"，","2126":"返","2127":"回","2128":"完","2129":"整","2130":"地","2131":"址","2132":"\\","2133":"n","2134":" ","2135":" ","2136":" ","2137":" ","2138":"i","2139":"f","2140":" ","2141":"(","2142":"c","2143":"h","2144":"a","2145":"r","2146":"s","2147":" ","2148":">","2149":"=","2150":" ","2151":"m","2152":"a","2153":"x","2154":"C","2155":"h","2156":"a","2157":"r","2158":"s","2159":")","2160":" ","2161":"{","2162":"\\","2163":"n","2164":" ","2165":" ","2166":" ","2167":" ","2168":" ","2169":" ","2170":"r","2171":"e","2172":"t","2173":"u","2174":"r","2175":"n","2176":" ","2177":"a","2178":"d","2179":"d","2180":"r","2181":"e","2182":"s","2183":"s","2184":";","2185":"\\","2186":"n","2187":" ","2188":" ","2189":" ","2190":" ","2191":"}","2192":"\\","2193":"n","2194":"\\","2195":"n","2196":" ","2197":" ","2198":" ","2199":" ","2200":"c","2201":"o","2202":"n","2203":"s","2204":"t","2205":" ","2206":"s","2207":"t","2208":"a","2209":"r","2210":"t","2211":" ","2212":"=","2213":" ","2214":"a","2215":"d","2216":"d","2217":"r","2218":"e","2219":"s","2220":"s","2221":".","2222":"s","2223":"u","2224":"b","2225":"s","2226":"t","2227":"r","2228":"i","2229":"n","2230":"g","2231":"(","2232":"0","2233":",","2234":" ","2235":"c","2236":"h","2237":"a","2238":"r","2239":"s","2240":" ","2241":"+","2242":" ","2243":"2","2244":")","2245":";","2246":" ","2247":"/","2248":"/","2249":" ","2250":"+","2251":"2","2252":" ","2253":"f","2254":"o","2255":"r","2256":" ","2257":"\\","2258":"\"","2259":"0","2260":"x","2261":"\\","2262":"\"","2263":"\\","2264":"n","2265":" ","2266":" ","2267":" ","2268":" ","2269":"c","2270":"o","2271":"n","2272":"s","2273":"t","2274":" ","2275":"e","2276":"n","2277":"d","2278":" ","2279":"=","2280":" ","2281":"a","2282":"d","2283":"d","2284":"r","2285":"e","2286":"s","2287":"s","2288":".","2289":"s","2290":"u","2291":"b","2292":"s","2293":"t","2294":"r","2295":"i","2296":"n","2297":"g","2298":"(","2299":"a","2300":"d","2301":"d","2302":"r","2303":"e","2304":"s","2305":"s","2306":".","2307":"l","2308":"e","2309":"n","2310":"g","2311":"t","2312":"h","2313":" ","2314":"-","2315":" ","2316":"c","2317":"h","2318":"a","2319":"r","2320":"s","2321":")","2322":";","2323":"\\","2324":"n","2325":" ","2326":" ","2327":" ","2328":" ","2329":"r","2330":"e","2331":"t","2332":"u","2333":"r","2334":"n","2335":" ","2336":"`","2337":"$","2338":"{","2339":"s","2340":"t","2341":"a","2342":"r","2343":"t","2344":"}","2345":".","2346":".","2347":".","2348":"$","2349":"{","2350":"e","2351":"n","2352":"d","2353":"}","2354":"`","2355":";","2356":"\\","2357":"n","2358":" ","2359":" ","2360":"}","2361":" ","2362":"c","2363":"a","2364":"t","2365":"c","2366":"h","2367":" ","2368":"(","2369":"e","2370":"r","2371":"r","2372":"o","2373":"r","2374":")","2375":" ","2376":"{","2377":"\\","2378":"n","2379":" ","2380":" ","2381":" ","2382":" ","2383":"/","2384":"/","2385":" ","2386":"重","2387":"新","2388":"抛","2389":"出","2390":"自","2391":"定","2392":"义","2393":"错","2394":"误","2395":"\\","2396":"n","2397":" ","2398":" ","2399":" ","2400":" ","2401":"i","2402":"f","2403":" ","2404":"(","2405":"e","2406":"r","2407":"r","2408":"o","2409":"r","2410":" ","2411":"i","2412":"n","2413":"s","2414":"t","2415":"a","2416":"n","2417":"c","2418":"e","2419":"o","2420":"f","2421":" ","2422":"A","2423":"d","2424":"d","2425":"r","2426":"e","2427":"s","2428":"s","2429":"F","2430":"o","2431":"r","2432":"m","2433":"a","2434":"t","2435":"E","2436":"r","2437":"r","2438":"o","2439":"r","2440":")","2441":" ","2442":"{","2443":"\\","2444":"n","2445":" ","2446":" ","2447":" ","2448":" ","2449":" ","2450":" ","2451":"t","2452":"h","2453":"r","2454":"o","2455":"w","2456":" ","2457":"e","2458":"r","2459":"r","2460":"o","2461":"r","2462":";","2463":"\\","2464":"n","2465":" ","2466":" ","2467":" ","2468":" ","2469":"}","2470":"\\","2471":"n","2472":" ","2473":" ","2474":" ","2475":" ","2476":"/","2477":"/","2478":" ","2479":"处","2480":"理","2481":"其","2482":"他","2483":"未","2484":"预","2485":"期","2486":"的","2487":"错","2488":"误","2489":"\\","2490":"n","2491":" ","2492":" ","2493":" ","2494":" ","2495":"t","2496":"h","2497":"r","2498":"o","2499":"w","2500":" ","2501":"n","2502":"e","2503":"w","2504":" ","2505":"A","2506":"d","2507":"d","2508":"r","2509":"e","2510":"s","2511":"s","2512":"F","2513":"o","2514":"r","2515":"m","2516":"a","2517":"t","2518":"E","2519":"r","2520":"r","2521":"o","2522":"r","2523":"(","2524":"'","2525":"U","2526":"n","2527":"e","2528":"x","2529":"p","2530":"e","2531":"c","2532":"t","2533":"e","2534":"d","2535":" ","2536":"e","2537":"r","2538":"r","2539":"o","2540":"r","2541":" ","2542":"f","2543":"o","2544":"r","2545":"m","2546":"a","2547":"t","2548":"t","2549":"i","2550":"n","2551":"g","2552":" ","2553":"a","2554":"d","2555":"d","2556":"r","2557":"e","2558":"s","2559":"s","2560":"'","2561":")","2562":";","2563":"\\","2564":"n","2565":" ","2566":" ","2567":"}","2568":"\\","2569":"n","2570":"}","2571":"\\","2572":"n","2573":"\"","2574":"]","2575":",","2576":"\"","2577":"n","2578":"a","2579":"m","2580":"e","2581":"s","2582":"\"","2583":":","2584":"[","2585":"\"","2586":"A","2587":"d","2588":"d","2589":"r","2590":"e","2591":"s","2592":"s","2593":"F","2594":"o","2595":"r","2596":"m","2597":"a","2598":"t","2599":"E","2600":"r","2601":"r","2602":"o","2603":"r","2604":"\"","2605":",","2606":"\"","2607":"f","2608":"o","2609":"r","2610":"m","2611":"a","2612":"t","2613":"A","2614":"d","2615":"d","2616":"r","2617":"e","2618":"s","2619":"s","2620":"\"","2621":",","2622":"\"","2623":"s","2624":"u","2625":"m","2626":"\"","2627":",","2628":"\"","2629":"a","2630":"\"","2631":",","2632":"\"","2633":"b","2634":"\"","2635":",","2636":"\"","2637":"E","2638":"r","2639":"r","2640":"o","2641":"r","2642":"\"","2643":",","2644":"\"","2645":"c","2646":"o","2647":"n","2648":"s","2649":"t","2650":"r","2651":"u","2652":"c","2653":"t","2654":"o","2655":"r","2656":"\"","2657":",","2658":"\"","2659":"m","2660":"e","2661":"s","2662":"s","2663":"a","2664":"g","2665":"e","2666":"\"","2667":",","2668":"\"","2669":"n","2670":"a","2671":"m","2672":"e","2673":"\"","2674":",","2675":"\"","2676":"v","2677":"a","2678":"l","2679":"i","2680":"d","2681":"a","2682":"t","2683":"e","2684":"A","2685":"d","2686":"d","2687":"r","2688":"e","2689":"s","2690":"s","2691":"\"","2692":",","2693":"\"","2694":"a","2695":"d","2696":"d","2697":"r","2698":"e","2699":"s","2700":"s","2701":"\"","2702":",","2703":"\"","2704":"s","2705":"t","2706":"a","2707":"r","2708":"t","2709":"s","2710":"W","2711":"i","2712":"t","2713":"h","2714":"\"","2715":",","2716":"\"","2717":"l","2718":"e","2719":"n","2720":"g","2721":"t","2722":"h","2723":"\"","2724":",","2725":"\"","2726":"v","2727":"a","2728":"l","2729":"i","2730":"d","2731":"H","2732":"e","2733":"x","2734":"\"","2735":",","2736":"\"","2737":"t","2738":"e","2739":"s","2740":"t","2741":"\"","2742":",","2743":"\"","2744":"c","2745":"h","2746":"a","2747":"r","2748":"s","2749":"\"","2750":",","2751":"\"","2752":"m","2753":"a","2754":"x","2755":"C","2756":"h","2757":"a","2758":"r","2759":"s","2760":"\"","2761":",","2762":"\"","2763":"M","2764":"a","2765":"t","2766":"h","2767":"\"","2768":",","2769":"\"","2770":"f","2771":"l","2772":"o","2773":"o","2774":"r","2775":"\"","2776":",","2777":"\"","2778":"s","2779":"t","2780":"a","2781":"r","2782":"t","2783":"\"","2784":",","2785":"\"","2786":"s","2787":"u","2788":"b","2789":"s","2790":"t","2791":"r","2792":"i","2793":"n","2794":"g","2795":"\"","2796":",","2797":"\"","2798":"e","2799":"n","2800":"d","2801":"\"","2802":",","2803":"\"","2804":"e","2805":"r","2806":"r","2807":"o","2808":"r","2809":"\"","2810":"]","2811":",","2812":"\"","2813":"m","2814":"a","2815":"p","2816":"p","2817":"i","2818":"n","2819":"g","2820":"s","2821":"\"","2822":":","2823":"\"","2824":"2","2825":"M","2826":"A","2827":"W","2828":"a","2829":"A","2830":",","2831":"k","2832":"B","2833":"A","2834":"A","2835":"k","2836":"B","2837":",","2838":"m","2839":"B","2840":"A","2841":"A","2842":"l","2843":"B","2844":"A","2845":",","2846":"o","2847":"B","2848":"A","2849":"y","2850":"C","2851":"G","2852":"C","2853":",","2854":"a","2855":"A","2856":"A","2857":"a","2858":",","2859":"m","2860":"B","2861":"A","2862":"A","2863":"b","2864":"A","2865":",","2866":"e","2867":"A","2868":"p","2869":"D","2870":"A","2871":"C","2872":",","2873":"G","2874":"A","2875":"A","2876":"G","2877":",","2878":"m","2879":"B","2880":"A","2881":"A","2882":"H","2883":"A","2884":",","2885":"O","2886":"A","2887":"A","2888":"T","2889":",","2890":"S","2891":"A","2892":"A","2893":"S","2894":"A","2895":",","2896":"I","2897":"A","2898":"A","2899":"I","2900":"C","2901":",","2902":"C","2903":"A","2904":"A","2905":"S","2906":",","2907":"C","2908":"A","2909":"A","2910":"E","2911":"C","2912":",","2913":"C","2914":"A","2915":"A","2916":"S","2917":",","2918":"E","2919":"A","2920":"C","2921":"t","2922":"C","2923":",","2924":"G","2925":"A","2926":"A","2927":"I","2928":"D","2929":",","2930":"G","2931":"A","2932":"A","2933":"K","2934":",","2935":"E","2936":"A","2937":"A","2938":"G","2939":",","2940":"C","2941":"A","2942":"C","2943":"V","2944":",","2945":"O","2946":"A","2947":"A","2948":"O","2949":",","2950":"C","2951":"A","2952":"C","2953":"T","2954":",","2955":"K","2956":"A","2957":"A","2958":"O","2959":",","2960":"C","2961":"A","2962":"C","2963":"L","2964":",","2965":"O","2966":"A","2967":"A","2968":"O","2969":"A","2970":",","2971":"E","2972":"A","2973":"A","2974":"I","2975":"C","2976":",","2977":"C","2978":"A","2979":"C","2980":"b","2981":",","2982":"C","2983":"A","2984":"C","2985":"F","2986":",","2987":"C","2988":"A","2989":"K","2990":"O","2991":",","2992":"I","2993":"A","2994":"A","2995":"A","2996":",","2997":"A","2998":"A","2999":"A","3000":"M","3001":"J","3002":",","3003":"m","3004":"B","3005":"A","3006":"A","3007":"N","3008":",","3009":"M","3010":"A","3011":"A","3012":"M","3013":"A","3014":",","3015":"2","3016":"B","3017":"A","3018":"A","3019":"2","3020":"B","3021":"K","3022":",","3023":"M","3024":"A","3025":"C","3026":"t","3027":"C","3028":"C","3029":",","3030":"Y","3031":"A","3032":"A","3033":"Y","3034":"C","3035":",","3036":"O","3037":"A","3038":"A","3039":"e","3040":",","3041":"C","3042":"A","3043":"A","3044":"E","3045":",","3046":"C","3047":"A","3048":"C","3049":"3","3050":"B","3051":",","3052":"K","3053":"A","3054":"A","3055":"K","3056":",","3057":"C","3058":"A","3059":"A","3060":"C","3061":"A","3062":",","3063":"Q","3064":"A","3065":"C","3066":"N","3067":",","3068":"C","3069":"A","3070":"A","3071":"A","3072":",","3073":"I","3074":"A","3075":"A","3076":"I","3077":",","3078":"C","3079":"A","3080":"A","3081":"C","3082":"C","3083":",","3084":"I","3085":"A","3086":"A","3087":"I","3088":",","3089":"C","3090":"A","3091":"A","3092":"G","3093":",","3094":"o","3095":"B","3096":"A","3097":"C","3098":"d","3099":",","3100":"C","3101":"A","3102":"C","3103":"F","3104":",","3105":"E","3106":"A","3107":"Q","3108":"A","3109":",","3110":"S","3111":"A","3112":"A","3113":"S","3114":"C","3115":",","3116":"g","3117":"B","3118":"A","3119":"A","3120":"g","3121":"B","3122":"C","3123":",","3124":"O","3125":"A","3126":"A","3127":"e","3128":",","3129":"E","3130":"A","3131":"C","3132":"t","3133":"C","3134":",","3135":"G","3136":"A","3137":"A","3138":"I","3139":",","3140":"O","3141":"A","3142":"A","3143":"O","3144":"A","3145":",","3146":"U","3147":"A","3148":"A","3149":"Y","3150":",","3151":"S","3152":"A","3153":"A","3154":"U","3155":",","3156":"C","3157":"A","3158":"C","3159":"/","3160":"B","3161":",","3162":"M","3163":"A","3164":"A","3165":"M","3166":",","3167":"I","3168":"A","3169":"A","3170":"I","3171":"V","3172":",","3173":"m","3174":"B","3175":"A","3176":"A","3177":"m","3178":"B","3179":",","3180":"2","3181":"B","3182":"A","3183":"C","3184":"/","3185":"B","3186":",","3187":"C","3188":"A","3189":"E","3190":"A","3191":",","3192":"G","3193":"A","3194":"A","3195":"I","3196":",","3197":"C","3198":"A","3199":"A","3200":"C","3201":"U","3202":",","3203":"Q","3204":"A","3205":"A","3206":"Q","3207":"C","3208":",","3209":"U","3210":"A","3211":"A","3212":"U","3213":",","3214":"C","3215":"A","3216":"A","3217":"C","3218":",","3219":"M","3220":"A","3221":"A","3222":"O","3223":",","3224":"C","3225":"A","3226":"C","3227":"7","3228":"B","3229":",","3230":"M","3231":"A","3232":"A","3233":"M","3234":",","3235":"I","3236":"A","3237":"A","3238":"I","3239":"X","3240":",","3241":"m","3242":"B","3243":"A","3244":"A","3245":"m","3246":"B","3247":",","3248":"6","3249":"B","3250":"A","3251":"C","3252":"/","3253":"B","3254":",","3255":"C","3256":"A","3257":"E","3258":"A","3259":",","3260":"G","3261":"A","3262":"A","3263":"I","3264":"U","3265":",","3266":"Q","3267":"A","3268":"A","3269":"Q","3270":"E","3271":",","3272":"M","3273":"A","3274":"A","3275":"M","3276":",","3277":"G","3278":"A","3279":"A","3280":"K","3281":",","3282":"G","3283":"A","3284":"A","3285":"I","3286":",","3287":"C","3288":"A","3289":"C","3290":"z","3291":"B","3292":",","3293":"M","3294":"A","3295":"A","3296":"M","3297":",","3298":"I","3299":"A","3300":"A","3301":"I","3302":"Z","3303":",","3304":"m","3305":"B","3306":"A","3307":"A","3308":"m","3309":"B","3310":",","3311":"q","3312":"C","3313":"A","3314":"C","3315":"/","3316":"B","3317":",","3318":"C","3319":"A","3320":"G","3321":"A","3322":",","3323":"M","3324":"A","3325":"A","3326":"M","3327":"a","3328":",","3329":"S","3330":"A","3331":"A","3332":"W","3333":",","3334":"s","3335":"B","3336":"A","3337":"C","3338":"j","3339":"B","3340":",","3341":"G","3342":"A","3343":"A","3344":"I","3345":",","3346":"C","3347":"A","3348":"A","3349":"C","3350":"A","3351":",","3352":"S","3353":"A","3354":"A","3355":"S","3356":"C","3357":",","3358":"I","3359":"A","3360":"A","3361":"I","3362":",","3363":"C","3364":"A","3365":"A","3366":"C","3367":"J","3368":",","3369":"S","3370":"A","3371":"A","3372":"U","3373":",","3374":"C","3375":"A","3376":"C","3377":"3","3378":"B","3379":",","3380":"M","3381":"A","3382":"A","3383":"M","3384":",","3385":"I","3386":"A","3387":"A","3388":"I","3389":"V","3390":",","3391":"m","3392":"B","3393":"A","3394":"A","3395":"m","3396":"B","3397":",","3398":"s","3399":"C","3400":"A","3401":"C","3402":"/","3403":"B","3404":",","3405":"C","3406":"A","3407":"C","3408":"F","3409":",","3410":"C","3411":"A","3412":"U","3413":"O","3414":",","3415":"S","3416":"A","3417":"A","3418":"S","3419":"C","3420":",","3421":"c","3422":"A","3423":"A","3424":"c","3425":"S","3426":",","3427":"O","3428":"A","3429":"A","3430":"e","3431":",","3432":"C","3433":"A","3434":"A","3435":"E","3436":"K","3437":",","3438":"M","3439":"A","3440":"A","3441":"g","3442":"B","3443":",","3444":"C","3445":"A","3446":"A","3447":"C","3448":",","3449":"E","3450":"A","3451":"C","3452":"9","3453":"D","3454":",","3455":"G","3456":"A","3457":"A","3458":"I","3459":",","3460":"C","3461":"A","3462":"C","3463":"F","3464":"N","3465":",","3466":"g","3467":"B","3468":"A","3469":"A","3470":"g","3471":"B","3472":"C","3473":",","3474":"S","3475":"A","3476":"G","3477":"h","3478":"B","3479":",","3480":"G","3481":"A","3482":"A","3483":"I","3484":",","3485":"O","3486":"A","3487":"A","3488":"O","3489":"K","3490":",","3491":"Q","3492":"A","3493":"A","3494":"U","3495":",","3496":"S","3497":"A","3498":"A","3499":"U","3500":",","3501":"C","3502":"A","3503":"C","3504":"7","3505":"B","3506":",","3507":"M","3508":"A","3509":"A","3510":"M","3511":",","3512":"I","3513":"A","3514":"A","3515":"I","3516":"f","3517":",","3518":"m","3519":"B","3520":"A","3521":"A","3522":"m","3523":"B","3524":",","3525":"m","3526":"C","3527":"A","3528":"C","3529":"/","3530":"B","3531":",","3532":"C","3533":"A","3534":"E","3535":"A","3536":",","3537":"G","3538":"A","3539":"A","3540":"I","3541":"e","3542":",","3543":"M","3544":"A","3545":"A","3546":"Q","3547":",","3548":"E","3549":"A","3550":"A","3551":"G","3552":",","3553":"C","3554":"A","3555":"C","3556":"b","3557":",","3558":"M","3559":"A","3560":"A","3561":"M","3562":",","3563":"I","3564":"A","3565":"A","3566":"I","3567":"f","3568":",","3569":"m","3570":"B","3571":"A","3572":"A","3573":"m","3574":"B","3575":",","3576":"q","3577":"C","3578":"A","3579":"C","3580":"/","3581":"B","3582":",","3583":"C","3584":"A","3585":"E","3586":"A","3587":",","3588":"G","3589":"A","3590":"A","3591":"I","3592":"e","3593":",","3594":"Q","3595":"A","3596":"A","3597":"U","3598":",","3599":"E","3600":"A","3601":"A","3602":"G","3603":",","3604":"C","3605":"A","3606":"C","3607":"f","3608":",","3609":"M","3610":"A","3611":"A","3612":"O","3613":",","3614":"O","3615":"A","3616":"C","3617":"T","3618":",","3619":"C","3620":"A","3621":"K","3622":"A","3623":",","3624":"M","3625":"A","3626":"A","3627":"M","3628":"C","3629":",","3630":"S","3631":"A","3632":"A","3633":"W","3634":"C","3635":",","3636":"K","3637":"A","3638":"A","3639":"K","3640":"C","3641":",","3642":"K","3643":"A","3644":"A","3645":"K","3646":",","3647":"C","3648":"A","3649":"A","3650":"C","3651":",","3652":"A","3653":"A","3654":"A","3655":"C","3656":"R","3657":",","3658":"C","3659":"A","3660":"A","3661":"A","3662":"A","3663":",","3664":"Q","3665":"A","3666":"A","3667":"Q","3668":"E","3669":",","3670":"M","3671":"A","3672":"A","3673":"M","3674":",","3675":"C","3676":"A","3677":"A","3678":"G","3679":",","3680":"C","3681":"A","3682":"A","3683":"A","3684":",","3685":"E","3686":"A","3687":"A","3688":"K","3689":",","3690":"G","3691":"A","3692":"G","3693":"n","3694":"D","3695":",","3696":"G","3697":"A","3698":"A","3699":"I","3700":"G","3701":",","3702":"O","3703":"A","3704":"A","3705":"S","3706":"C","3707":",","3708":"S","3709":"A","3710":"A","3711":"U","3712":",","3713":"C","3714":"A","3715":"C","3716":"r","3717":"B","3718":",","3719":"O","3720":"A","3721":"A","3722":"O","3723":"N","3724":",","3725":"O","3726":"A","3727":"C","3728":"T","3729":",","3730":"C","3731":"A","3732":"E","3733":"A","3734":",","3735":"M","3736":"A","3737":"A","3738":"M","3739":"S","3740":",","3741":"M","3742":"A","3743":"A","3744":"Q","3745":"T","3746":",","3747":"Q","3748":"A","3749":"A","3750":"Q","3751":"U","3752":",","3753":"S","3754":"A","3755":"A","3756":"S","3757":",","3758":"C","3759":"A","3760":"A","3761":"C","3762":",","3763":"E","3764":"A","3765":"A","3766":"G","3767":"L","3768":",","3769":"M","3770":"A","3771":"A","3772":"Q","3773":",","3774":"G","3775":"A","3776":"C","3777":"3","3778":"C","3779":",","3780":"M","3781":"A","3782":"A","3783":"M","3784":"M","3785":",","3786":"I","3787":"A","3788":"A","3789":"M","3790":"X","3791":",","3792":"Q","3793":"A","3794":"A","3795":"Q","3796":"U","3797":",","3798":"S","3799":"A","3800":"A","3801":"S","3802":",","3803":"C","3804":"A","3805":"A","3806":"C","3807":"V","3808":",","3809":"Q","3810":"A","3811":"A","3812":"Q","3813":"E","3814":",","3815":"M","3816":"A","3817":"A","3818":"M","3819":",","3820":"C","3821":"A","3822":"A","3823":"G","3824":"G","3825":",","3826":"O","3827":"A","3828":"C","3829":"/","3830":"C","3831":",","3832":"M","3833":"A","3834":"A","3835":"O","3836":",","3837":"C","3838":"A","3839":"A","3840":"C","3841":",","3842":"E","3843":"A","3844":"A","3845":"E","3846":"I","3847":",","3848":"M","3849":"A","3850":"A","3851":"M","3852":",","3853":"G","3854":"A","3855":"A","3856":"G","3857":",","3858":"E","3859":"A","3860":"A","3861":"E","3862":"E","3863":",","3864":"I","3865":"A","3866":"A","3867":"I","3868":",","3869":"C","3870":"A","3871":"A","3872":"C","3873":",","3874":"A","3875":"A","3876":"C","3877":"5","3878":"B","3879":",","3880":"C","3881":"A","3882":"A","3883":"E","3884":",","3885":"M","3886":"A","3887":"A","3888":"O","3889":"C","3890":",","3891":"M","3892":"A","3893":"A","3894":"O","3895":",","3896":"C","3897":"A","3898":"E","3899":"d","3900":",","3901":"G","3902":"A","3903":"A","3904":"I","3905":"A","3906":",","3907":"i","3908":"B","3909":"A","3910":"A","3911":"i","3912":"B","3913":"t","3914":"B","3915":",","3916":"m","3917":"B","3918":"A","3919":"A","3920":"o","3921":"B","3922":",","3923":"C","3924":"A","3925":"C","3926":"v","3927":"C","3928":",","3929":"M","3930":"A","3931":"A","3932":"M","3933":"s","3934":"B","3935":",","3936":"K","3937":"A","3938":"C","3939":"R","3940":",","3941":"C","3942":"A","3943":"E","3944":"A","3945":",","3946":"M","3947":"A","3948":"A","3949":"M","3950":",","3951":"I","3952":"A","3953":"A","3954":"I","3955":"t","3956":"B","3957":",","3958":"m","3959":"B","3960":"A","3961":"A","3962":"m","3963":"B","3964":",","3965":"s","3966":"C","3967":"A","3968":"C","3969":"/","3970":"B","3971":",","3972":"C","3973":"A","3974":"C","3975":"F","3976":"\"","3977":"}"},"_coverageSchema":"1a1c01bbd47fc00a2c39e90264f33305004495a9","hash":"eaa9fde4c2c4ed5cb0d5a2048d1626a3b983ecd7"}
}
